Build started 8/21/2012 2:25:17 AM.
Project "C:\DDATA\ProjectDDK\vmdetectorsys\VmDetectorSys.vcxproj" on node 2 (build target(s)).
Build:
  call C:\WINDDK\7600.16385.1\bin\setenv.bat C:\WINDDK\7600.16385.1 chk win7
  cd /d C:\DDATA\ProjectDDK\vmdetectorsys\
  build
  OACR monitor running already
  path contains nonexistant c:\program files\microsoft visual studio 10.0\common7\tools\bin, removing
  path contains nonexistant c:\windows\syswow64, removing
  BUILD: Compile and Link for x86
  
  BUILD: Loading c:\winddk\7600.16385.1\build.dat...
  
  BUILD: corrupt database (File error)
  
  BUILD: Computing Include file dependencies:
  
  BUILD: Start time: Tue Aug 21 02:25:31 2012
  BUILD: Examining c:\ddata\projectddk\vmdetectorsys directory for files to compile.
  
      c:\ddata\projectddk\vmdetectorsys 
  
  Invalidating OACR warning log for 'root:x86chk'
  BUILD: Saving c:\winddk\7600.16385.1\build.dat...
  
  BUILD: Compiling and Linking c:\ddata\projectddk\vmdetectorsys directory
  
  Configuring OACR for 'root:x86chk' - <OACR on>
  Compiling - rdtscemu.cpp
  Linking Executable - objchk_win7_x86\i386\vmdetectorsys.sys
  BUILD: Finish time: Tue Aug 21 02:25:35 2012
  BUILD: Done
  
  
  
      3 files compiled - 3 Warnings - 248 LPS
  
      1 executable built
  
Done Building Project "C:\DDATA\ProjectDDK\vmdetectorsys\VmDetectorSys.vcxproj" (build target(s)).

Build succeeded.

Time Elapsed 00:00:18.68
